=========================================================
Start of the log for a new run_fastsurfer.sh invocation
=========================================================
Version: 2.4.2+7e53343
Wed Apr  8 23:29:40 UTC 2026

Log file for FastSurfer pipeline, run_fastsurfer.sh and segmentation(s)
python3.10 -s /fastsurfer/FastSurferCNN/run_prediction.py --t1 /data/input/patient_16_v16.nii.gz --asegdkt_segfile /data/output/visit_16/mri/aparc.DKTatlas+aseg.deep.mgz --conformed_name /data/output/visit_16/mri/orig.mgz --brainmask_name /data/output/visit_16/mri/mask.mgz --aseg_name /data/output/visit_16/mri/aseg.auto_noCCseg.mgz --sid visit_16 --seg_log /data/output/visit_16/scripts/deep-seg.log --vox_size min --batch_size 1 --viewagg_device auto --device cuda --threads 1 --sd /data/output
[INFO: run_prediction.py:  647]: Checking or downloading default checkpoints ...
[INFO: common.py:  820]: Single subject with absolute file path for input.
[INFO: common.py:  878]: Analyzing single subject /data/input/patient_16_v16.nii.gz
[INFO: common.py:  979]: Output will be stored in Subjects Directory: /data/output
[INFO: common.py:  106]: Using device: cuda
[INFO: common.py:   99]: Found 4.0 GB GPU memory, but 4.0 GB was required.
[INFO: common.py:  106]: Using viewagg_device: cpu
[INFO: run_prediction.py:  245]: Running view aggregation on cpu
[INFO: inference.py:  200]: Loading checkpoint /fastsurfer/checkpoints/aparc_vinn_coronal_v2.0.0.pkl
[INFO: inference.py:  200]: Loading checkpoint /fastsurfer/checkpoints/aparc_vinn_sagittal_v2.0.0.pkl
[INFO: inference.py:  200]: Loading checkpoint /fastsurfer/checkpoints/aparc_vinn_axial_v2.0.0.pkl
[INFO: run_prediction.py:  324]: Successfully loaded image from /data/input/patient_16_v16.nii.gz.
[INFO: run_prediction.py:  441]: Output image directory /data/output/visit_16/mri/orig does not exist. Creating it now...
[INFO: run_prediction.py:  454]: Successfully saved image   as /data/output/visit_16/mri/orig/001.mgz.
[INFO: conform.py:  823]: The input image is not conformed.
[INFO: conform.py:  826]: A min-conformedconformed image must satisfy the following criteria:
[INFO: conform.py:  828]:  - Number of Dimensions 3        : True
[INFO: conform.py:  828]:  - Dimensions 256x256x256        : BUT image dimensions (166, 256, 256)
[INFO: conform.py:  828]:  - Voxel Size 0.9375x0.9375x0.9375: BUT image 1.2x0.9375x0.9375
[INFO: conform.py:  828]:  - Orientation LIA               : BUT strict: [[1.2 0. 0. ] [0. 0.94 0. ] [0. 0. 0.94]]
[INFO: conform.py:  828]:  - Dtype uint8                   : BUT dtype int16
[INFO: run_prediction.py:  337]: Conforming image
[INFO: run_prediction.py:  454]: Successfully saved image   as /data/output/visit_16/mri/orig.mgz.
[INFO: run_prediction.py:  400]: Run coronal prediction
[INFO: dataset.py:   78]: Loading Coronal with input voxelsize (0.9375, 0.9375)
[INFO: inference.py:  408]: Inference on 256 batches for coronal successful
[INFO: inference.py:  469]: Coronal inference on /data/input/patient_16_v16.nii.gz finished in 106.6137 seconds
[INFO: run_prediction.py:  400]: Run sagittal prediction
[INFO: dataset.py:   69]: Loading Sagittal with input voxelsize (0.9375, 0.9375)
[INFO: inference.py:  408]: Inference on 256 batches for sagittal successful
[INFO: inference.py:  469]: Sagittal inference on /data/input/patient_16_v16.nii.gz finished in 96.8541 seconds
[INFO: run_prediction.py:  400]: Run axial prediction
[INFO: dataset.py:   74]: Loading Axial with input voxelsize (0.9375, 0.9375)
[INFO: inference.py:  408]: Inference on 256 batches for axial successful
[INFO: inference.py:  469]: Axial inference on /data/input/patient_16_v16.nii.gz finished in 100.8909 seconds
[INFO: run_prediction.py:  454]: Successfully saved image   as /data/output/visit_16/mri/aparc.DKTatlas+aseg.deep.mgz.
[INFO: run_prediction.py:  724]: Creating brainmask based on segmentation...
[INFO: run_prediction.py:  454]: Successfully saved image   as /data/output/visit_16/mri/mask.mgz.
[INFO: run_prediction.py:  743]: Creating aseg based on segmentation...
[INFO: run_prediction.py:  454]: Successfully saved image   as /data/output/visit_16/mri/aseg.auto_noCCseg.mgz.
[INFO: run_prediction.py:  762]: Running volume-based QC check on segmentation...
INFO: Running N4 bias-field correction...
python3.10 -s /fastsurfer/recon_surf/N4_bias_correct.py --in /data/output/visit_16/mri/orig.mgz --rescale /data/output/visit_16/mri/orig_nu.mgz --aseg /data/output/visit_16/mri/aseg.auto_noCCseg.mgz --threads 1

N4 Bias Correction Parameters:

- verbosity: -1
- input volume: /data/output/visit_16/mri/orig.mgz
- output volume: do not save
- rescaled volume: /data/output/visit_16/mri/orig_nu.mgz
- mask: default (>0)
- aseg: /data/output/visit_16/mri/aseg.auto_noCCseg.mgz
- shrink factor: 4
- number fitting levels: 4
- number iterations: 50
- convergence threshold: 0.0
- threads: 1
read MGZ (FreeSurfer) image via nibabel...
executing N4 correction ...
- mask: ones (default)
normalize WM to 105.0 (find WM from aseg)
read MGZ (FreeSurfer) image via nibabel...
- source white matter intensity: 45.33
- m: 2.2500
converting rescaled to UCHAR
writing PosixPath: /data/output/visit_16/mri/orig_nu.mgz
write MGZ (FreeSurfer) image via nibabel...
python3.10 -s /fastsurfer/FastSurferCNN/segstats.py --segfile /data/output/visit_16/mri/aparc.DKTatlas+aseg.deep.mgz --segstatsfile /data/output/visit_16/stats/aseg+DKT.stats --normfile /data/output/visit_16/mri/orig_nu.mgz --threads 1 --empty --excludeid 0 --sd /data/output --sid visit_16 --ids 2 4 5 7 8 10 11 12 13 14 15 16 17 18 24 26 28 31 41 43 44 46 47 49 50 51 52 53 54 58 60 63 77 251 252 253 254 255 1002 1003 1005 1006 1007 1008 1009 1010 1011 1012 1013 1014 1015 1016 1017 1018 1019 1020 1021 1022 1023 1024 1025 1026 1027 1028 1029 1030 1031 1034 1035 2002 2003 2005 2006 2007 2008 2009 2010 2011 2012 2013 2014 2015 2016 2017 2018 2019 2020 2021 2022 2023 2024 2025 2026 2027 2028 2029 2030 2031 2034 2035 --lut /fastsurfer/FastSurferCNN/config/FreeSurferColorLUT.txt measures --compute Mask(/data/output/visit_16/mri/mask.mgz) BrainSeg BrainSegNotVent SupraTentorial SupraTentorialNotVent SubCortGray rhCerebralWhiteMatter lhCerebralWhiteMatter CerebralWhiteMatter
None of the labels [251, 252, 253, 254, 255] for merged label 10007 exist in the segmentation.
Partial volume stats for 100 labels written to /data/output/visit_16/stats/aseg+DKT.stats.
Calculation took 9.31 seconds using up to 1 threads.
python3.10 -s /fastsurfer/CerebNet/run_prediction.py --t1 /data/input/patient_16_v16.nii.gz --asegdkt_segfile /data/output/visit_16/mri/aparc.DKTatlas+aseg.deep.mgz --conformed_name /data/output/visit_16/mri/orig.mgz --cereb_segfile /data/output/visit_16/mri/cerebellum.CerebNet.nii.gz --seg_log /data/output/visit_16/scripts/deep-seg.log --async_io --batch_size 1 --viewagg_device auto --device cuda --threads 1 --norm_name /data/output/visit_16/mri/orig_nu.mgz --cereb_statsfile /data/output/visit_16/stats/cerebellum.CerebNet.stats --sd /data/output
[INFO: run_prediction.py:  154]: Checking or downloading default checkpoints ...
[INFO: common.py:  820]: Single subject with absolute file path for input.
[INFO: common.py:  878]: Analyzing single subject /data/input/patient_16_v16.nii.gz
[INFO: common.py:  106]: Using device: cuda
[INFO: common.py:  106]: Using viewagg_device: cuda
[INFO: inference.py:  434]: 26-04-08_23:39:31
[INFO: conform.py:  823]: The input image is not conformed.
[INFO: conform.py:  826]: A conformedconformed image must satisfy the following criteria:
[INFO: conform.py:  828]:  - Number of Dimensions 3        : True
[INFO: conform.py:  828]:  - Dimensions 256x256x256        : True
[INFO: conform.py:  828]:  - Voxel Size 1.0x1.0x1.0        : BUT image 0.9375x0.9375x0.9375
[INFO: conform.py:  828]:  - Orientation LIA               : True
[INFO: conform.py:  828]:  - Dtype uint8                   : True
[INFO: data_utils.py:  101]: Conforming image to UCHAR, RAS orientation, and minimum isotropic voxels
[INFO: conform.py:  823]: The input image is not conformed.
[INFO: conform.py:  826]: A conformedconformed image must satisfy the following criteria:
[INFO: conform.py:  828]:  - Number of Dimensions 3        : True
[INFO: conform.py:  828]:  - Dimensions 256x256x256        : BUT image dimensions (166, 256, 256)
[INFO: conform.py:  828]:  - Voxel Size 1.0x1.0x1.0        : BUT image 1.2x0.9375x0.9375
[INFO: conform.py:  828]:  - Orientation LIA               : BUT strict: [[1.2 0. 0. ] [0. 0.94 0. ] [0. 0. 0.94]]
[INFO: conform.py:  828]:  - Dtype uint8                   : BUT dtype int16
[INFO: data_utils.py:  101]: Conforming image to UCHAR, RAS orientation, and minimum isotropic voxels
[INFO: conform.py:  978]: 
[INFO: dataset.py:  260]: The conformed image and the segmentation do not share the same affine. The cerebellum mask is being resampled to localize it in the conformed image.
[INFO: inference.py:  357]: Saving CerebNet cerebellum segmentation at /data/output/visit_16/mri/cerebellum.CerebNet.nii.gz
[INFO: inference.py:  512]: Subject 1/1 with id 'patient_16_v16.nii.gz' processed in 17.42 sec.
python3.10 -s /fastsurfer/HypVINN/run_prediction.py --sd /data/output --sid visit_16 --reg_mode coreg --threads 1 --async_io --batch_size 1 --seg_log /data/output/visit_16/scripts/deep-seg.log --device cuda --viewagg_device auto --t1 /data/output/visit_16/mri/orig_nu.mgz
[INFO: run_prediction.py:  437]: Checking or downloading default checkpoints ...
[INFO: mode_config.py:   49]: Setting up input mode...
[INFO: run_prediction.py:  282]: Running HypVINN segmentation pipeline on subject visit_16
[INFO: run_prediction.py:  285]: Output will be stored in: /data/output/visit_16
[INFO: run_prediction.py:  286]: T1 image input /data/output/visit_16/mri/orig_nu.mgz
[INFO: run_prediction.py:  287]: T2 image input None
[INFO: run_prediction.py:  306]: Setting up HypVINN run
[INFO: run_prediction.py:  311]: axial model configuration from /fastsurfer/HypVINN/config/HypVINN_axial_v1.1.0.yaml
[INFO: run_prediction.py:  311]: coronal model configuration from /fastsurfer/HypVINN/config/HypVINN_coronal_v1.1.0.yaml
[INFO: run_prediction.py:  311]: sagittal model configuration from /fastsurfer/HypVINN/config/HypVINN_sagittal_v1.1.0.yaml
[INFO: run_prediction.py:  505]: Loading T1 image from : /data/output/visit_16/mri/orig_nu.mgz
[INFO: common.py:  106]: Using device: cuda
[INFO: common.py:   99]: Found 4.0 GB GPU memory, but 4.0 GB was required.
[INFO: common.py:  106]: Using viewagg_device: cpu
[INFO: inference.py:  109]: Running view aggregation on cpu
[INFO: run_prediction.py:  340]: ------------------------------------------------------------------------------------------------------------------------
[INFO: run_prediction.py:  341]: Evaluating hypothalamus model on visit_16
[INFO: run_prediction.py:  350]: Scale factor: (0.938, 0.938, 0.938)
[INFO: run_prediction.py:  609]: Evaluating axial model, cpkt :/fastsurfer/checkpoints/HypVINN_axial_v1.1.0.pkl
[INFO: inference.py:  183]: Loading checkpoint /fastsurfer/checkpoints/HypVINN_axial_v1.1.0.pkl
[INFO: dataset.py:  166]: Loading t1 axial with input voxelsize (0.938, 0.938)
[INFO: dataset.py:  114]: Successfully loaded Image from visit_16 for axial model
[INFO: dataset.py:  126]: For inference T1 block weight was set to: 1.0 and the T2 block was set to: 0.0
[INFO: inference.py:  345]: --->  axial Model Testing Done.
[INFO: inference.py:  404]: axial Inference on visit_16 finished in 70.0845 seconds
[INFO: run_prediction.py:  609]: Evaluating coronal model, cpkt :/fastsurfer/checkpoints/HypVINN_coronal_v1.1.0.pkl
[INFO: inference.py:  183]: Loading checkpoint /fastsurfer/checkpoints/HypVINN_coronal_v1.1.0.pkl
[INFO: dataset.py:  160]: Loading t1 coronal with input voxelsize (0.938, 0.938)
[INFO: dataset.py:  114]: Successfully loaded Image from visit_16 for coronal model
[INFO: dataset.py:  126]: For inference T1 block weight was set to: 1.0 and the T2 block was set to: 0.0
[INFO: inference.py:  345]: --->  coronal Model Testing Done.
[INFO: inference.py:  404]: coronal Inference on visit_16 finished in 28.0908 seconds
[INFO: run_prediction.py:  609]: Evaluating sagittal model, cpkt :/fastsurfer/checkpoints/HypVINN_sagittal_v1.1.0.pkl
[INFO: inference.py:  183]: Loading checkpoint /fastsurfer/checkpoints/HypVINN_sagittal_v1.1.0.pkl
[INFO: dataset.py:  153]: Loading t1 sagittal with input voxelsize (0.938, 0.938)
[INFO: dataset.py:  114]: Successfully loaded Image from visit_16 for sagittal model
[INFO: dataset.py:  126]: For inference T1 block weight was set to: 1.0 and the T2 block was set to: 0.0
[INFO: inference.py:  345]: --->  sagittal Model Testing Done.
[INFO: inference.py:  404]: sagittal Inference on visit_16 finished in 22.5075 seconds
[INFO: run_prediction.py:  363]: Model prediction finished in 135.6375 seconds
[INFO: run_prediction.py:  364]: Saving results in /data/output/visit_16
[INFO: img_processing_utils.py:   97]: Orig data orientation : ('L', 'I', 'A')
[INFO: img_processing_utils.py:  101]: HypVINN Mask orientation: ('R', 'A', 'S')
[INFO: img_processing_utils.py:  103]: HypVINN Mask after re-orientation: ('L', 'I', 'A')
[INFO: img_processing_utils.py:  109]: HypVINN Prediction orientation: ('R', 'A', 'S')
[INFO: img_processing_utils.py:  111]: HypVINN Prediction after re-orientation: ('L', 'I', 'A')
[INFO: run_prediction.py:  381]: Prediction successfully saved in 4.437279939651489 seconds.
[INFO: run_prediction.py:  395]: Computing stats
[INFO: brainvolstats.py: 1415]: Replacing segmentation volume to compute volume measures from with the segmentation file /data/output/visit_16/mri/hypothalamus.HypVINN.nii.gz.
[INFO: run_prediction.py:  405]: Processing segmentation finished in 143.8477 seconds.
[INFO: run_prediction.py:  416]: Processing whole pipeline finished in 143.8535 seconds.
